<?xml version="1.0" encoding="UTF-8"?>
<!-- Generated by org.testng.reporters.JUnitReportReporter -->
<testsuite hostname="DESKTOP-73S007T" name="com.crm.PRACTICE.ReadDataFromSuiteXMLfileTest" tests="1" failures="0" timestamp="17 Feb 2022 09:54:10 GMT" time="0.000" errors="0">
  <testcase name="readDataFromSuiteXMLfileTest" time="0.000" classname="com.crm.PRACTICE.ReadDataFromSuiteXMLfileTest"/>
</testsuite> <!-- com.crm.PRACTICE.ReadDataFromSuiteXMLfileTest -->
