<?xml version="1.0" encoding="UTF-8"?>
<!-- Generated by org.testng.reporters.JUnitReportReporter -->
<testsuite hostname="DESKTOP-73S007T" name="com.crm.PRACTICE.CalenderPopUp" tests="1" failures="0" timestamp="9 Mar 2022 06:58:00 GMT" time="31.515" errors="0">
  <testcase name="calenderPopup" time="31.515" classname="com.crm.PRACTICE.CalenderPopUp"/>
</testsuite> <!-- com.crm.PRACTICE.CalenderPopUp -->
