<?xml version="1.0" encoding="UTF-8"?>
<!-- Generated by org.testng.reporters.JUnitReportReporter -->
<testsuite hostname="DESKTOP-73S007T" name="com.crm.ContactTests.PrintLastName" tests="1" failures="0" timestamp="8 Mar 2022 09:56:42 GMT" time="10.596" errors="0">
  <testcase name="createContactTest" time="10.596" classname="com.crm.ContactTests.PrintLastName"/>
</testsuite> <!-- com.crm.ContactTests.PrintLastName -->
