<?xml version="1.0" encoding="UTF-8"?>
<!-- Generated by org.testng.reporters.JUnitReportReporter -->
<testsuite hostname="DESKTOP-73S007T" name="com.crm.OrganizationTests.CreateOrganizationTest" tests="1" failures="0" timestamp="17 Feb 2022 05:16:43 GMT" time="15.668" errors="0">
  <testcase name="createOrganizationTest" time="15.668" classname="com.crm.OrganizationTests.CreateOrganizationTest"/>
</testsuite> <!-- com.crm.OrganizationTests.CreateOrganizationTest -->
