<?xml version="1.0" encoding="UTF-8"?>
<!-- Generated by org.testng.reporters.JUnitReportReporter -->
<testsuite hostname="DESKTOP-73S007T" name="com.crm.PRACTICE.PracticeForGenericUtils" tests="1" failures="0" timestamp="21 Feb 2022 07:36:45 GMT" time="0.038" errors="0">
  <testcase name="practice" time="0.038" classname="com.crm.PRACTICE.PracticeForGenericUtils"/>
</testsuite> <!-- com.crm.PRACTICE.PracticeForGenericUtils -->
