<?xml version="1.0" encoding="UTF-8"?>
<!-- Generated by org.testng.reporters.JUnitReportReporter -->
<testsuite hostname="DESKTOP-73S007T" name="com.crm.PRACTICE.DataProviderTestNG" tests="4" failures="0" timestamp="28 Feb 2022 10:01:17 GMT" time="0.021" errors="0">
  <testcase name="sampleDataProvider" time="0.016" classname="com.crm.PRACTICE.DataProviderTestNG"/>
  <testcase name="sampleDataProvider" time="0.003" classname="com.crm.PRACTICE.DataProviderTestNG"/>
  <testcase name="sampleDataProvider" time="0.001" classname="com.crm.PRACTICE.DataProviderTestNG"/>
  <testcase name="sampleDataProvider" time="0.001" classname="com.crm.PRACTICE.DataProviderTestNG"/>
</testsuite> <!-- com.crm.PRACTICE.DataProviderTestNG -->
