<?xml version="1.0" encoding="UTF-8"?>
<!-- Generated by org.testng.reporters.JUnitReportReporter -->
<testsuite hostname="DESKTOP-73S007T" name="com.crm.PRACTICE.DataProvderPractice" tests="6" failures="0" timestamp="28 Feb 2022 10:07:28 GMT" time="0.037" errors="0">
  <testcase name="studentDataProvider" time="0.015" classname="com.crm.PRACTICE.DataProvderPractice"/>
  <testcase name="studentDataProvider" time="0.003" classname="com.crm.PRACTICE.DataProvderPractice"/>
  <testcase name="studentDataProvider" time="0.002" classname="com.crm.PRACTICE.DataProvderPractice"/>
  <testcase name="studentDataProvider" time="0.011" classname="com.crm.PRACTICE.DataProvderPractice"/>
  <testcase name="studentDataProvider" time="0.004" classname="com.crm.PRACTICE.DataProvderPractice"/>
  <testcase name="studentDataProvider" time="0.002" classname="com.crm.PRACTICE.DataProvderPractice"/>
</testsuite> <!-- com.crm.PRACTICE.DataProvderPractice -->
