<?xml version="1.0" encoding="UTF-8"?>
<!-- Generated by org.testng.reporters.JUnitReportReporter -->
<testsuite hostname="DESKTOP-73S007T" name="com.crm.CampaignsTests.CreateCampaignwithProductTest" tests="1" failures="0" timestamp="24 Feb 2022 10:52:40 GMT" time="52.891" errors="0">
  <testcase name="createCampaignwithProductTest" time="52.891" classname="com.crm.CampaignsTests.CreateCampaignwithProductTest"/>
</testsuite> <!-- com.crm.CampaignsTests.CreateCampaignwithProductTest -->
