<?xml version="1.0" encoding="UTF-8"?>
<!-- Generated by org.testng.reporters.JUnitReportReporter -->
<testsuite hostname="DESKTOP-73S007T" name="com.crm.ContactTests.Delete5thContact" tests="1" failures="0" timestamp="8 Mar 2022 10:22:40 GMT" time="24.339" errors="0">
  <testcase name="createContactTest" time="24.339" classname="com.crm.ContactTests.Delete5thContact"/>
</testsuite> <!-- com.crm.ContactTests.Delete5thContact -->
