<?xml version="1.0" encoding="UTF-8"?>
<!-- Generated by org.testng.reporters.JUnitReportReporter -->
<testsuite hostname="DESKTOP-73S007T" name="com.crm.PRACTICE.SelectDateFromGoibibo" tests="1" failures="0" timestamp="9 Mar 2022 09:49:59 GMT" time="41.958" errors="0">
  <testcase name="calenderPopup" time="41.958" classname="com.crm.PRACTICE.SelectDateFromGoibibo"/>
</testsuite> <!-- com.crm.PRACTICE.SelectDateFromGoibibo -->
