<?xml version="1.0" encoding="UTF-8"?>
<!-- Generated by org.testng.reporters.JUnitReportReporter -->
<testsuite hostname="DESKTOP-73S007T" name="com.crm.PRACTICE.SampleJDBCExecuteQuery" tests="1" failures="0" timestamp="16 Feb 2022 07:36:11 GMT" time="0.483" errors="0">
  <testcase name="sampleJDBCExecuteQuery" time="0.483" classname="com.crm.PRACTICE.SampleJDBCExecuteQuery"/>
</testsuite> <!-- com.crm.PRACTICE.SampleJDBCExecuteQuery -->
