<?xml version="1.0" encoding="UTF-8"?>
<!-- Generated by org.testng.reporters.JUnitReportReporter -->
<testsuite hostname="DESKTOP-73S007T" name="com.crm.PRACTICE.ReadDataFromCmdLineTest" tests="1" failures="0" timestamp="11 Mar 2022 04:39:32 GMT" time="0.035" errors="0">
  <testcase name="readDataFromCmdLine" time="0.035" classname="com.crm.PRACTICE.ReadDataFromCmdLineTest"/>
</testsuite> <!-- com.crm.PRACTICE.ReadDataFromCmdLineTest -->
