<?xml version="1.0" encoding="UTF-8"?>
<!-- Generated by org.testng.reporters.JUnitReportReporter -->
<testsuite hostname="DESKTOP-73S007T" name="com.crm.OrganizationTests.CreateOrgWithIndustryTest" tests="1" failures="0" timestamp="1 Mar 2022 08:03:12 GMT" time="17.464" errors="0">
  <testcase name="createOrgWithIndustryTest" time="17.464" classname="com.crm.OrganizationTests.CreateOrgWithIndustryTest"/>
</testsuite> <!-- com.crm.OrganizationTests.CreateOrgWithIndustryTest -->
