<?xml version="1.0" encoding="UTF-8"?>
<!-- Generated by org.testng.reporters.JUnitReportReporter -->
<testsuite hostname="DESKTOP-73S007T" name="com.crm.ProductTests.CreateProductWithQtyUnitTest" tests="1" failures="0" timestamp="3 Mar 2022 06:22:42 GMT" time="29.318" errors="0">
  <testcase name="createProductWithQtyTest" time="29.318" classname="com.crm.ProductTests.CreateProductWithQtyUnitTest"/>
</testsuite> <!-- com.crm.ProductTests.CreateProductWithQtyUnitTest -->
