<?xml version="1.0" encoding="UTF-8"?>
<!-- Generated by org.testng.reporters.JUnitReportReporter -->
<testsuite hostname="DESKTOP-73S007T" name="com.crm.OrganizationTests.CreateOrgWithMultipleDataTest" tests="6" failures="0" timestamp="2 Mar 2022 11:20:28 GMT" time="99.619" errors="0">
  <testcase name="createOrgWithMltipleData" time="17.010" classname="com.crm.OrganizationTests.CreateOrgWithMultipleDataTest"/>
  <testcase name="createOrgWithMltipleData" time="14.365" classname="com.crm.OrganizationTests.CreateOrgWithMultipleDataTest"/>
  <testcase name="createOrgWithMltipleData" time="15.346" classname="com.crm.OrganizationTests.CreateOrgWithMultipleDataTest"/>
  <testcase name="createOrgWithMltipleData" time="15.735" classname="com.crm.OrganizationTests.CreateOrgWithMultipleDataTest"/>
  <testcase name="createOrgWithMltipleData" time="18.770" classname="com.crm.OrganizationTests.CreateOrgWithMultipleDataTest"/>
  <testcase name="createOrgWithMltipleData" time="18.393" classname="com.crm.OrganizationTests.CreateOrgWithMultipleDataTest"/>
</testsuite> <!-- com.crm.OrganizationTests.CreateOrgWithMultipleDataTest -->
