<?xml version="1.0" encoding="UTF-8"?>
<!-- Generated by org.testng.reporters.JUnitReportReporter -->
<testsuite hostname="DESKTOP-73S007T" name="com.crm.ProductTests.CreateProductWithQtyUnitTest" tests="1" failures="0" timestamp="17 Mar 2022 05:52:57 GMT" time="35.541" errors="0">
  <testcase name="createProductWithQtyTest" time="35.541" classname="com.crm.ProductTests.CreateProductWithQtyUnitTest"/>
</testsuite> <!-- com.crm.ProductTests.CreateProductWithQtyUnitTest -->
