<?xml version="1.0" encoding="UTF-8"?>
<!-- Generated by org.testng.reporters.JUnitReportReporter -->
<testsuite hostname="DESKTOP-73S007T" name="com.crm.PRACTICE.SampleJDBCExecuteQueryVerification" tests="1" failures="0" timestamp="16 Feb 2022 07:57:16 GMT" time="0.448" errors="0">
  <testcase name="sampleJDBCExecuteQuery" time="0.448" classname="com.crm.PRACTICE.SampleJDBCExecuteQueryVerification"/>
</testsuite> <!-- com.crm.PRACTICE.SampleJDBCExecuteQueryVerification -->
