<?xml version="1.0" encoding="UTF-8"?>
<!-- Generated by org.testng.reporters.JUnitReportReporter -->
<testsuite hostname="DESKTOP-73S007T" name="com.crm.ProductTests.CreateProductandSearchByProductNameTest" tests="1" failures="0" timestamp="17 Mar 2022 12:00:27 GMT" time="1190.112" errors="0">
  <testcase name="createProductWithQtyUnitTest" time="1190.112" classname="com.crm.ProductTests.CreateProductandSearchByProductNameTest"/>
</testsuite> <!-- com.crm.ProductTests.CreateProductandSearchByProductNameTest -->
