<?xml version="1.0" encoding="UTF-8"?>
<!-- Generated by org.testng.reporters.JUnitReportReporter -->
<testsuite hostname="DESKTOP-73S007T" name="com.crm.OrganizationTests.CreateOrganizationWithPropertyFileTest" tests="1" failures="0" timestamp="2 Mar 2022 07:56:14 GMT" time="11.422" errors="0">
  <testcase name="createSmpleTest" time="11.422" classname="com.crm.OrganizationTests.CreateOrganizationWithPropertyFileTest"/>
</testsuite> <!-- com.crm.OrganizationTests.CreateOrganizationWithPropertyFileTest -->
