<?xml version="1.0" encoding="UTF-8"?>
<!-- Generated by org.testng.reporters.JUnitReportReporter -->
<testsuite hostname="DESKTOP-73S007T" name="com.crm.PRACTICE.RedBusCalender" tests="1" failures="0" timestamp="9 Mar 2022 11:24:16 GMT" time="47.850" errors="0">
  <testcase name="calenderPopup" time="47.850" classname="com.crm.PRACTICE.RedBusCalender"/>
</testsuite> <!-- com.crm.PRACTICE.RedBusCalender -->
