<?xml version="1.0" encoding="UTF-8"?>
<!-- Generated by org.testng.reporters.JUnitReportReporter -->
<testsuite hostname="DESKTOP-73S007T" name="com.crm.ContactTests.CreateContactWithOrgTest" tests="1" failures="0" timestamp="24 Feb 2022 06:49:38 GMT" time="36.132" errors="0">
  <testcase name="createContactWithOrgTest" time="36.132" classname="com.crm.ContactTests.CreateContactWithOrgTest"/>
</testsuite> <!-- com.crm.ContactTests.CreateContactWithOrgTest -->
