<?xml version="1.0" encoding="UTF-8"?>
<!-- Generated by org.testng.reporters.JUnitReportReporter -->
<testsuite hostname="DESKTOP-73S007T" name="com.crm.OpportunitiesTests.CreateOpportunitiesWithContactAndEmployeeTest" tests="1" failures="0" timestamp="22 Feb 2022 16:37:21 GMT" time="57.796" errors="0">
  <testcase name="createOpportunitiesWithContactAndEmployeeTest" time="57.796" classname="com.crm.OpportunitiesTests.CreateOpportunitiesWithContactAndEmployeeTest"/>
</testsuite> <!-- com.crm.OpportunitiesTests.CreateOpportunitiesWithContactAndEmployeeTest -->
