<?xml version="1.0" encoding="UTF-8"?>
<!-- Generated by org.testng.reporters.JUnitReportReporter -->
<testsuite hostname="DESKTOP-73S007T" name="com.crm.PRACTICE.SelectAnyCalenderTest" tests="1" failures="0" timestamp="10 Mar 2022 04:34:52 GMT" time="49.986" errors="0">
  <testcase name="calenderPopup" time="49.986" classname="com.crm.PRACTICE.SelectAnyCalenderTest"/>
</testsuite> <!-- com.crm.PRACTICE.SelectAnyCalenderTest -->
