<?xml version="1.0" encoding="UTF-8"?>
<!-- Generated by org.testng.reporters.JUnitReportReporter -->
<testsuite hostname="DESKTOP-73S007T" name="com.crm.OrganizationTests.CreateOrgWithIndustryAndTypeTest" tests="1" failures="0" timestamp="24 Feb 2022 07:06:14 GMT" time="34.738" errors="0">
  <testcase name="createOrgWithIndustryTest" time="34.738" classname="com.crm.OrganizationTests.CreateOrgWithIndustryAndTypeTest"/>
</testsuite> <!-- com.crm.OrganizationTests.CreateOrgWithIndustryAndTypeTest -->
