<?xml version="1.0" encoding="UTF-8"?>
<!-- Generated by org.testng.reporters.JUnitReportReporter -->
<testsuite hostname="DESKTOP-73S007T" name="com.crm.ContactTests.CreateContactWithOrgandLeadSourceTest" tests="1" failures="0" timestamp="1 Mar 2022 08:11:59 GMT" time="30.790" errors="0">
  <testcase name="createContactWithOrgTest" time="30.790" classname="com.crm.ContactTests.CreateContactWithOrgandLeadSourceTest"/>
</testsuite> <!-- com.crm.ContactTests.CreateContactWithOrgandLeadSourceTest -->
