<?xml version="1.0" encoding="UTF-8"?>
<!-- Generated by org.testng.reporters.JUnitReportReporter -->
<testsuite hostname="DESKTOP-73S007T" name="com.crm.PRACTICE.WriteDataIntoExcelSheetTest" tests="1" failures="0" timestamp="17 Mar 2022 11:32:10 GMT" time="5.285" errors="0">
  <testcase name="writeDataIntoExcel" time="5.285" classname="com.crm.PRACTICE.WriteDataIntoExcelSheetTest"/>
</testsuite> <!-- com.crm.PRACTICE.WriteDataIntoExcelSheetTest -->
