<?xml version="1.0" encoding="UTF-8"?>
<!-- Generated by org.testng.reporters.JUnitReportReporter -->
<testsuite hostname="DESKTOP-73S007T" name="com.crm.ContactTests.CheckingLastContacts" tests="1" failures="0" timestamp="8 Mar 2022 09:42:42 GMT" time="12.587" errors="0">
  <testcase name="createContactTest" time="12.587" classname="com.crm.ContactTests.CheckingLastContacts"/>
</testsuite> <!-- com.crm.ContactTests.CheckingLastContacts -->
