<?xml version="1.0" encoding="UTF-8"?>
<!-- Generated by org.testng.reporters.JUnitReportReporter -->
<testsuite hostname="DESKTOP-73S007T" name="com.crm.OrganizationTests.CreateOrgWithMultipleDataWithTypeTest" tests="6" failures="0" timestamp="1 Mar 2022 05:24:21 GMT" time="173.230" errors="0">
  <testcase name="createOrgWithMltipleData" time="22.508" classname="com.crm.OrganizationTests.CreateOrgWithMultipleDataWithTypeTest"/>
  <testcase name="createOrgWithMltipleData" time="22.415" classname="com.crm.OrganizationTests.CreateOrgWithMultipleDataWithTypeTest"/>
  <testcase name="createOrgWithMltipleData" time="31.498" classname="com.crm.OrganizationTests.CreateOrgWithMultipleDataWithTypeTest"/>
  <testcase name="createOrgWithMltipleData" time="22.227" classname="com.crm.OrganizationTests.CreateOrgWithMultipleDataWithTypeTest"/>
  <testcase name="createOrgWithMltipleData" time="52.108" classname="com.crm.OrganizationTests.CreateOrgWithMultipleDataWithTypeTest"/>
  <testcase name="createOrgWithMltipleData" time="22.474" classname="com.crm.OrganizationTests.CreateOrgWithMultipleDataWithTypeTest"/>
</testsuite> <!-- com.crm.OrganizationTests.CreateOrgWithMultipleDataWithTypeTest -->
