<?xml version="1.0" encoding="UTF-8"?>
<!-- Generated by org.testng.reporters.JUnitReportReporter -->
<testsuite hostname="DESKTOP-73S007T" name="com.crm.ContactTests.CheckingContactsIndividually" tests="1" failures="0" timestamp="8 Mar 2022 09:37:41 GMT" time="18.415" errors="0">
  <testcase name="createContactTest" time="18.415" classname="com.crm.ContactTests.CheckingContactsIndividually"/>
</testsuite> <!-- com.crm.ContactTests.CheckingContactsIndividually -->
