<?xml version="1.0" encoding="UTF-8"?>
<!-- Generated by org.testng.reporters.JUnitReportReporter -->
<testsuite hostname="DESKTOP-73S007T" name="com.crm.ProductTests.CreateProductandSearchByCharacterTest" tests="1" failures="0" timestamp="3 Mar 2022 06:22:42 GMT" time="29.352" errors="0">
  <testcase name="createProductWithQtyUnitTest" time="29.352" classname="com.crm.ProductTests.CreateProductandSearchByCharacterTest"/>
</testsuite> <!-- com.crm.ProductTests.CreateProductandSearchByCharacterTest -->
