<?xml version="1.0" encoding="UTF-8"?>
<!-- Generated by org.testng.reporters.JUnitReportReporter -->
<testsuite hostname="DESKTOP-73S007T" name="com.crm.PRACTICE.SelectCurrentDate" tests="1" failures="0" timestamp="10 Mar 2022 06:48:22 GMT" time="25.613" errors="0">
  <testcase name="calenderPopup" time="25.613" classname="com.crm.PRACTICE.SelectCurrentDate"/>
</testsuite> <!-- com.crm.PRACTICE.SelectCurrentDate -->
