<?xml version="1.0" encoding="UTF-8"?>
<!-- Generated by org.testng.reporters.JUnitReportReporter -->
<testsuite hostname="DESKTOP-73S007T" name="com.crm.PRACTICE.SelectAnyMonthDate" tests="1" failures="0" timestamp="9 Mar 2022 08:34:19 GMT" time="40.833" errors="0">
  <testcase name="calenderPopup" time="40.833" classname="com.crm.PRACTICE.SelectAnyMonthDate"/>
</testsuite> <!-- com.crm.PRACTICE.SelectAnyMonthDate -->
