<?xml version="1.0" encoding="UTF-8"?>
<!-- Generated by org.testng.reporters.JUnitReportReporter -->
<testsuite hostname="DESKTOP-73S007T" name="com.crm.PRACTICE.POMpractice" tests="1" failures="0" timestamp="23 Feb 2022 10:37:51 GMT" time="43.660" errors="0">
  <testcase name="pomPractice" time="43.660" classname="com.crm.PRACTICE.POMpractice"/>
</testsuite> <!-- com.crm.PRACTICE.POMpractice -->
